[2024-01-27 23:21:29] [INFO]    [OmnipathR] Welcome to OmnipathR!
[2024-01-27 23:21:29] [INFO]    [OmnipathR] Setting up new cache directory `C:\Users\KD\AppData\Local\Cache\OmnipathR`.
[2024-01-27 23:21:29] [TRACE]   [OmnipathR] Reading JSON from `C:\Users\KD\AppData\Local\Cache\OmnipathR/cache.json` (encoding: UTF-8).
[2024-01-27 23:21:29] [TRACE]   [OmnipathR] JSON validation successful: TRUE
[2024-01-27 23:21:29] [INFO]    [OmnipathR] Initialized cache: `C:\Users\KD\AppData\Local\Cache\OmnipathR`.
[2024-01-27 23:21:29] [TRACE]   [OmnipathR] Reading JSON from `C:/Users/KD/AppData/Local/R/win-library/4.3/OmnipathR/db/db_def.json` (encoding: UTF-8).
[2024-01-27 23:21:29] [TRACE]   [OmnipathR] JSON validation successful: TRUE
[2024-01-27 23:21:29] [TRACE]   [OmnipathR] Reading JSON from `C:/Users/KD/AppData/Local/R/win-library/4.3/OmnipathR/internal/magic_bytes.json` (encoding: UTF-8).
[2024-01-27 23:21:29] [TRACE]   [OmnipathR] JSON validation successful: TRUE
[2024-01-27 23:21:29] [INFO]    [OmnipathR] Welcome to OmnipathR!
[2024-01-27 23:21:29] [TRACE]   [OmnipathR] Reading JSON from `C:\Users\KD\AppData\Local\cache\OmnipathR/cache.json` (encoding: UTF-8).
[2024-01-27 23:21:29] [TRACE]   [OmnipathR] JSON validation successful: TRUE
[2024-01-27 23:21:29] [INFO]    [OmnipathR] Initialized cache: `C:\Users\KD\AppData\Local\cache\OmnipathR`.
[2024-01-27 23:21:29] [TRACE]   [OmnipathR] Reading JSON from `C:/Users/KD/AppData/Local/R/win-library/4.3/OmnipathR/db/db_def.json` (encoding: UTF-8).
[2024-01-27 23:21:29] [TRACE]   [OmnipathR] JSON validation successful: TRUE
[2024-01-27 23:21:29] [TRACE]   [OmnipathR] Reading JSON from `C:/Users/KD/AppData/Local/R/win-library/4.3/OmnipathR/internal/magic_bytes.json` (encoding: UTF-8).
[2024-01-27 23:21:29] [TRACE]   [OmnipathR] JSON validation successful: TRUE
[2024-01-27 23:21:29] [TRACE]   [OmnipathR] Reading JSON from `C:/Users/KD/AppData/Local/R/win-library/4.3/OmnipathR/internal/urls.json` (encoding: UTF-8).
[2024-01-27 23:21:29] [TRACE]   [OmnipathR] JSON validation successful: TRUE
[2024-01-27 23:21:29] [TRACE]   [OmnipathR] Reading JSON from `C:/Users/KD/AppData/Local/R/win-library/4.3/OmnipathR/internal/id_types.json` (encoding: UTF-8).
[2024-01-27 23:21:29] [TRACE]   [OmnipathR] JSON validation successful: TRUE
[2024-01-27 23:21:29] [TRACE]   [OmnipathR] Reading JSON from `C:/Users/KD/AppData/Local/R/win-library/4.3/OmnipathR/internal/urls.json` (encoding: UTF-8).
[2024-01-27 23:21:29] [TRACE]   [OmnipathR] JSON validation successful: TRUE
[2024-01-27 23:21:29] [TRACE]   [OmnipathR] Reading JSON from `C:/Users/KD/AppData/Local/R/win-library/4.3/OmnipathR/internal/id_types.json` (encoding: UTF-8).
[2024-01-27 23:21:29] [TRACE]   [OmnipathR] JSON validation successful: TRUE
[2024-01-27 23:21:37] [INFO]    [OmnipathR] Loading database `Ensembl and OMA organism names`.
[2024-01-27 23:21:37] [TRACE]   [OmnipathR] Reading JSON from `C:\Users\KD\AppData\Local\cache\OmnipathR/cache.json` (encoding: UTF-8).
[2024-01-27 23:21:37] [TRACE]   [OmnipathR] JSON validation successful: TRUE
[2024-01-27 23:21:37] [INFO]    [OmnipathR] Looking up in cache `https://www.ensembl.org/info/about/species.html`: key=7332486db7400730697234bad76ca0c8e4d00799, no version available.
[2024-01-27 23:21:37] [TRACE]   [OmnipathR] Reading JSON from `C:\Users\KD\AppData\Local\cache\OmnipathR/cache.json` (encoding: UTF-8).
[2024-01-27 23:21:37] [TRACE]   [OmnipathR] JSON validation successful: TRUE
[2024-01-27 23:21:37] [INFO]    [OmnipathR] Created new version for cache record 7332486db7400730697234bad76ca0c8e4d00799: version 1.
[2024-01-27 23:21:37] [TRACE]   [OmnipathR] Cache file path: C:\Users\KD\AppData\Local\cache\OmnipathR/7332486db7400730697234bad76ca0c8e4d00799-1.html
[2024-01-27 23:21:37] [INFO]    [OmnipathR] Retrieving URL: `https://www.ensembl.org/info/about/species.html`
[2024-01-27 23:21:37] [TRACE]   [OmnipathR] Attempt 1/3: `https://www.ensembl.org/info/about/species.html`
[2024-01-27 23:21:37] [TRACE]   [OmnipathR] HTTP 200
[2024-01-27 23:21:37] [INFO]    [OmnipathR] Download ready [key=7332486db7400730697234bad76ca0c8e4d00799, version=1]
[2024-01-27 23:21:37] [TRACE]   [OmnipathR] Reading JSON from `C:\Users\KD\AppData\Local\cache\OmnipathR/cache.json` (encoding: UTF-8).
[2024-01-27 23:21:37] [TRACE]   [OmnipathR] JSON validation successful: TRUE
[2024-01-27 23:21:37] [INFO]    [OmnipathR] Cache item `7332486db7400730697234bad76ca0c8e4d00799` version 1: status changed from `unknown` to `ready`.
[2024-01-27 23:21:38] [TRACE]   [OmnipathR] Looking up in cache: `https://omabrowser.org/All/oma-species.txt`.
[2024-01-27 23:21:38] [INFO]    [OmnipathR] Cache record does not exist: `https://omabrowser.org/All/oma-species.txt`
[2024-01-27 23:21:38] [TRACE]   [OmnipathR] Could not find in cache, initiating download: `https://omabrowser.org/All/oma-species.txt`.
[2024-01-27 23:21:38] [TRACE]   [OmnipathR] Reading JSON from `C:\Users\KD\AppData\Local\cache\OmnipathR/cache.json` (encoding: UTF-8).
[2024-01-27 23:21:38] [TRACE]   [OmnipathR] JSON validation successful: TRUE
[2024-01-27 23:21:38] [TRACE]   [OmnipathR] Reading JSON from `C:\Users\KD\AppData\Local\cache\OmnipathR/cache.json` (encoding: UTF-8).
[2024-01-27 23:21:38] [TRACE]   [OmnipathR] JSON validation successful: TRUE
[2024-01-27 23:21:38] [INFO]    [OmnipathR] Cache item `30e690cbb55dfc63b5903ab337f34ffc2f4be397` version 1: status changed from `unknown` to `started`.
[2024-01-27 23:21:38] [TRACE]   [OmnipathR] Exporting object to RDS: `C:\Users\KD\AppData\Local\cache\OmnipathR/30e690cbb55dfc63b5903ab337f34ffc2f4be397-1.rds`.
[2024-01-27 23:21:38] [INFO]    [OmnipathR] Retrieving URL: `https://omabrowser.org/All/oma-species.txt`
[2024-01-27 23:21:38] [TRACE]   [OmnipathR] Attempt 1/3: `https://omabrowser.org/All/oma-species.txt`
[2024-01-27 23:21:38] [TRACE]   [OmnipathR] Exported RDS to `C:\Users\KD\AppData\Local\cache\OmnipathR/30e690cbb55dfc63b5903ab337f34ffc2f4be397-1.rds`.
[2024-01-27 23:21:38] [INFO]    [OmnipathR] Download ready [key=30e690cbb55dfc63b5903ab337f34ffc2f4be397, version=1]
[2024-01-27 23:21:38] [TRACE]   [OmnipathR] Reading JSON from `C:\Users\KD\AppData\Local\cache\OmnipathR/cache.json` (encoding: UTF-8).
[2024-01-27 23:21:38] [TRACE]   [OmnipathR] JSON validation successful: TRUE
[2024-01-27 23:21:38] [INFO]    [OmnipathR] Cache item `30e690cbb55dfc63b5903ab337f34ffc2f4be397` version 1: status changed from `started` to `ready`.
[2024-01-27 23:21:38] [INFO]    [OmnipathR] Loaded database `Ensembl and OMA organism names`.
[2024-01-27 23:21:38] [TRACE]   [OmnipathR] Looking up in cache: `https://omnipathdb.org/interactions?genesymbols=yes&datasets=dorothea,tf_target,collectri&organisms=9606&dorothea_levels=A,B&fields=sources,references,curation_effort,dorothea_level&license=academic`
[2024-01-27 23:21:38] [INFO]    [OmnipathR] Cache record does not exist: `https://omnipathdb.org/interactions?genesymbols=yes&datasets=dorothea,tf_target,collectri&organisms=9606&dorothea_levels=A,B&fields=sources,references,curation_effort,dorothea_level&license=academic`
[2024-01-27 23:21:38] [TRACE]   [OmnipathR] Looking up in cache: `http://no-tls.omnipathdb.org/interactions?genesymbols=yes&datasets=dorothea,tf_target,collectri&organisms=9606&dorothea_levels=A,B&fields=sources,references,curation_effort,dorothea_level&license=academic`
[2024-01-27 23:21:38] [INFO]    [OmnipathR] Cache record does not exist: `http://no-tls.omnipathdb.org/interactions?genesymbols=yes&datasets=dorothea,tf_target,collectri&organisms=9606&dorothea_levels=A,B&fields=sources,references,curation_effort,dorothea_level&license=academic`
[2024-01-27 23:21:38] [TRACE]   [OmnipathR] Attempting `https://omnipathdb.org/interactions?genesymbols=yes&datasets=dorothea,tf_target,collectri&organisms=9606&dorothea_levels=A,B&fields=sources,references,curation_effort,dorothea_level&license=academic`
[2024-01-27 23:21:38] [INFO]    [OmnipathR] Retrieving URL: `https://omnipathdb.org/interactions?genesymbols=yes&datasets=dorothea,tf_target,collectri&organisms=9606&dorothea_levels=A,B&fields=sources,references,curation_effort,dorothea_level&license=academic`
[2024-01-27 23:21:38] [TRACE]   [OmnipathR] Attempt 1/3: `https://omnipathdb.org/interactions?genesymbols=yes&datasets=dorothea,tf_target,collectri&organisms=9606&dorothea_levels=A,B&fields=sources,references,curation_effort,dorothea_level&license=academic`
[2024-01-27 23:21:41] [INFO]    [OmnipathR] Successfully retrieved: `https://omnipathdb.org/interactions?genesymbols=yes&datasets=dorothea,tf_target,collectri&organisms=9606&dorothea_levels=A,B&fields=sources,references,curation_effort,dorothea_level&license=academic`
[2024-01-27 23:21:41] [TRACE]   [OmnipathR] Reading JSON from `C:\Users\KD\AppData\Local\cache\OmnipathR/cache.json` (encoding: UTF-8).
[2024-01-27 23:21:41] [TRACE]   [OmnipathR] JSON validation successful: TRUE
[2024-01-27 23:21:41] [TRACE]   [OmnipathR] Reading JSON from `C:\Users\KD\AppData\Local\cache\OmnipathR/cache.json` (encoding: UTF-8).
[2024-01-27 23:21:41] [TRACE]   [OmnipathR] JSON validation successful: TRUE
[2024-01-27 23:21:41] [INFO]    [OmnipathR] Cache item `8e1fed15bbe7704374f40d278e719e18b4a9d60f` version 1: status changed from `unknown` to `started`.
[2024-01-27 23:21:41] [TRACE]   [OmnipathR] Exporting object to RDS: `C:\Users\KD\AppData\Local\cache\OmnipathR/8e1fed15bbe7704374f40d278e719e18b4a9d60f-1.rds`.
[2024-01-27 23:21:42] [TRACE]   [OmnipathR] Exported RDS to `C:\Users\KD\AppData\Local\cache\OmnipathR/8e1fed15bbe7704374f40d278e719e18b4a9d60f-1.rds`.
[2024-01-27 23:21:42] [INFO]    [OmnipathR] Download ready [key=8e1fed15bbe7704374f40d278e719e18b4a9d60f, version=1]
[2024-01-27 23:21:42] [TRACE]   [OmnipathR] Reading JSON from `C:\Users\KD\AppData\Local\cache\OmnipathR/cache.json` (encoding: UTF-8).
[2024-01-27 23:21:42] [TRACE]   [OmnipathR] JSON validation successful: TRUE
[2024-01-27 23:21:42] [INFO]    [OmnipathR] Cache item `8e1fed15bbe7704374f40d278e719e18b4a9d60f` version 1: status changed from `started` to `ready`.
[2024-01-27 23:21:45] [SUCCESS] [OmnipathR] Downloaded 128218 interactions.
